#
# There is insufficient memory for the Java Runtime Environment to continue.
# Native memory allocation (mmap) failed to map 117440512 bytes for G1 virtual space
# Possible reasons:
#   The system is out of physical RAM or swap space
#   The process is running with CompressedOops enabled, and the Java Heap may be blocking the growth of the native heap
# Possible solutions:
#   Reduce memory load on the system
#   Increase physical memory or swap space
#   Check if swap backing store is full
#   Decrease Java heap size (-Xmx/-Xms)
#   Decrease number of Java threads
#   Decrease Java thread stack sizes (-Xss)
#   Set larger code cache with -XX:ReservedCodeCacheSize=
#   JVM is running with Unscaled Compressed Oops mode in which the Java heap is
#     placed in the first 4GB address space. The Java Heap base address is the
#     maximum limit for the native heap growth. Please use -XX:HeapBaseMinAddress
#     to set the Java Heap base and to place the Java Heap above 4GB virtual address.
# This output file may be truncated or incomplete.
#
#  Out of Memory Error (os_windows.cpp:3530), pid=18896, tid=17888
#
# JRE version:  (18.0.1.1+2) (build )
# Java VM: Java HotSpot(TM) 64-Bit Server VM (18.0.1.1+2-6, mixed mode, sharing, tiered, compressed oops, compressed class ptrs, g1 gc, windows-amd64)
# No core dump will be written. Minidumps are not enabled by default on client versions of Windows
#

---------------  S U M M A R Y ------------

Command Line: -Dfile.encoding=UTF-8 --module-path=C:\Users\Gerardo\eclipse-workspace\AH3\bin;C:\Users\Gerardo\eclipse-workspace\AH3\libreria\mysql-connector-java-8.0.28.jar -XX:+ShowCodeDetailsInExceptionMessages -Djdk.module.main=AH3 AH3/proyecto3.Menu_Principal

Host: AMD Ryzen 5 3500U with Radeon Vega Mobile Gfx  , 8 cores, 6G,  Windows 11 , 64 bit Build 22000 (10.0.22000.708)
Time: Sun Jun 26 17:39:27 2022 Hora estándar, América Central elapsed time: 0.021542 seconds (0d 0h 0m 0s)

---------------  T H R E A D  ---------------

Current thread (0x000002957546bfb0):  JavaThread "Unknown thread" [_thread_in_vm, id=17888, stack(0x000000ff63000000,0x000000ff63100000)]

Stack: [0x000000ff63000000,0x000000ff63100000]
Native frames: (J=compiled Java code, j=interpreted, Vv=VM code, C=native code)
V  [jvm.dll+0x69887a]
V  [jvm.dll+0x7f38bd]
V  [jvm.dll+0x7f51ce]
V  [jvm.dll+0x7f5883]
V  [jvm.dll+0x25ca3f]
V  [jvm.dll+0x6957c9]
V  [jvm.dll+0x68a2fa]
V  [jvm.dll+0x321efb]
V  [jvm.dll+0x3298d6]
V  [jvm.dll+0x37e47e]
V  [jvm.dll+0x37e6af]
V  [jvm.dll+0x2f9c7a]
V  [jvm.dll+0x2facdd]
V  [jvm.dll+0x7c24f0]
V  [jvm.dll+0x38b801]
V  [jvm.dll+0x7a1203]
V  [jvm.dll+0x40d6bf]
V  [jvm.dll+0x40f091]
C  [jli.dll+0x526b]
C  [ucrtbase.dll+0x26c0c]
C  [KERNEL32.DLL+0x154e0]
C  [ntdll.dll+0x485b]


---------------  P R O C E S S  ---------------

Threads class SMR info:
_java_thread_list=0x00007ffbfbd3d550, length=0, elements={
}

Java Threads: ( => current thread )

Other Threads:
  0x00000295775a6e60 WorkerThread "GC Thread#0" [stack: 0x000000ff63100000,0x000000ff63200000] [id=19136]
  0x00000295775b6240 ConcurrentGCThread "G1 Main Marker" [stack: 0x000000ff63200000,0x000000ff63300000] [id=12484]
  0x00000295775b6b40 WorkerThread "G1 Conc#0" [stack: 0x000000ff63300000,0x000000ff63400000] [id=17996]

[error occurred during error reporting (printing all threads), id 0xc0000005, EXCEPTION_ACCESS_VIOLATION (0xc0000005) at pc=0x00007ffbfb56a217]

VM state: not at safepoint (not fully initialized)

VM Mutex/Monitor currently owned by a thread:  ([mutex/lock_event])
[0x000002957754ed10] Heap_lock - owner thread: 0x000002957546bfb0

Heap address: 0x0000000091000000, size: 1776 MB, Compressed Oops mode: 32-bit

CDS archive(s) mapped at: [0x0000000000000000-0x0000000000000000-0x0000000000000000), size 0, SharedBaseAddress: 0x0000000800000000, ArchiveRelocationMode: 0.
Narrow klass base: 0x0000000000000000, Narrow klass shift: 0, Narrow klass range: 0x0

GC Precious Log:
 CardTable entry size: 512
 Card Set container configuration: InlinePtr #cards 5 size 8 Array Of Cards #cards 12 size 40 Howl #buckets 4 coarsen threshold 1843 Howl Bitmap #cards 512 size 80 coarsen threshold 460 Card regions per heap region 1 cards per card region 2048

Heap:
 garbage-first heap   total 0K, used 0K [0x0000000091000000, 0x0000000100000000)
  region size 1024K, 0 young (0K), 0 survivors (0K)

[error occurred during error reporting (printing heap information), id 0xc0000005, EXCEPTION_ACCESS_VIOLATION (0xc0000005) at pc=0x00007ffbfb950cb9]

GC Heap History (0 events):
No events

Deoptimization events (0 events):
No events

Classes loaded (0 events):
No events

Classes unloaded (0 events):
No events

Classes redefined (0 events):
No events

Internal exceptions (0 events):
No events

VM Operations (0 events):
No events

Events (1 events):
Event: 0.013 Loaded shared library C:\Program Files\Java\jdk-18.0.1.1\bin\java.dll


Dynamic libraries:
0x00007ff77dd80000 - 0x00007ff77dd90000 	C:\Program Files\Java\jdk-18.0.1.1\bin\javaw.exe
0x00007ffc450c0000 - 0x00007ffc452c9000 	C:\WINDOWS\SYSTEM32\ntdll.dll
0x00007ffc43a70000 - 0x00007ffc43b2d000 	C:\WINDOWS\System32\KERNEL32.DLL
0x00007ffc427d0000 - 0x00007ffc42b49000 	C:\WINDOWS\System32\KERNELBASE.dll
0x00007ffc42b50000 - 0x00007ffc42c61000 	C:\WINDOWS\System32\ucrtbase.dll
0x00007ffc3cb70000 - 0x00007ffc3cb8a000 	C:\Program Files\Java\jdk-18.0.1.1\bin\VCRUNTIME140.dll
0x00007ffc3b0f0000 - 0x00007ffc3b108000 	C:\Program Files\Java\jdk-18.0.1.1\bin\jli.dll
0x00007ffc439c0000 - 0x00007ffc43a6e000 	C:\WINDOWS\System32\ADVAPI32.dll
0x00007ffc44660000 - 0x00007ffc44703000 	C:\WINDOWS\System32\msvcrt.dll
0x00007ffc435a0000 - 0x00007ffc4363e000 	C:\WINDOWS\System32\sechost.dll
0x00007ffc44520000 - 0x00007ffc44640000 	C:\WINDOWS\System32\RPCRT4.dll
0x00007ffc43b30000 - 0x00007ffc43cdc000 	C:\WINDOWS\System32\USER32.dll
0x00007ffc42d30000 - 0x00007ffc42d56000 	C:\WINDOWS\System32\win32u.dll
0x00007ffc399f0000 - 0x00007ffc39c95000 	C:\WINDOWS\WinSxS\amd64_microsoft.windows.common-controls_6595b64144ccf1df_6.0.22000.120_none_9d947278b86cc467\COMCTL32.dll
0x00007ffc43380000 - 0x00007ffc433a9000 	C:\WINDOWS\System32\GDI32.dll
0x00007ffc425a0000 - 0x00007ffc426b2000 	C:\WINDOWS\System32\gdi32full.dll
0x00007ffc42730000 - 0x00007ffc427cd000 	C:\WINDOWS\System32\msvcp_win.dll
0x00007ffc3aad0000 - 0x00007ffc3aada000 	C:\WINDOWS\SYSTEM32\VERSION.dll
0x00007ffc44e70000 - 0x00007ffc44ea1000 	C:\WINDOWS\System32\IMM32.DLL
0x00007ffc3cb60000 - 0x00007ffc3cb6c000 	C:\Program Files\Java\jdk-18.0.1.1\bin\vcruntime140_1.dll
0x00007ffc33f50000 - 0x00007ffc33fdd000 	C:\Program Files\Java\jdk-18.0.1.1\bin\msvcp140.dll
0x00007ffbfb260000 - 0x00007ffbfbe70000 	C:\Program Files\Java\jdk-18.0.1.1\bin\server\jvm.dll
0x00007ffc45060000 - 0x00007ffc45068000 	C:\WINDOWS\System32\PSAPI.DLL
0x00007ffc3f3b0000 - 0x00007ffc3f3e3000 	C:\WINDOWS\SYSTEM32\WINMM.dll
0x00007ffc3ad80000 - 0x00007ffc3ad89000 	C:\WINDOWS\SYSTEM32\WSOCK32.dll
0x00007ffc433b0000 - 0x00007ffc4341f000 	C:\WINDOWS\System32\WS2_32.dll
0x00007ffc416a0000 - 0x00007ffc416b8000 	C:\WINDOWS\SYSTEM32\kernel.appcore.dll
0x00007ffc3ba80000 - 0x00007ffc3ba8a000 	C:\Program Files\Java\jdk-18.0.1.1\bin\jimage.dll
0x00007ffc3fdc0000 - 0x00007ffc3ffe1000 	C:\WINDOWS\SYSTEM32\DBGHELP.DLL
0x00007ffc3bc50000 - 0x00007ffc3bc81000 	C:\WINDOWS\SYSTEM32\dbgcore.DLL
0x00007ffc42ed0000 - 0x00007ffc42f4f000 	C:\WINDOWS\System32\bcryptPrimitives.dll
0x00007ffc3b0c0000 - 0x00007ffc3b0e5000 	C:\Program Files\Java\jdk-18.0.1.1\bin\java.dll

dbghelp: loaded successfully - version: 4.0.5 - missing functions: none
symbol engine: initialized successfully - sym options: 0x614 - pdb path: .;C:\Program Files\Java\jdk-18.0.1.1\bin;C:\WINDOWS\SYSTEM32;C:\WINDOWS\WinSxS\amd64_microsoft.windows.common-controls_6595b64144ccf1df_6.0.22000.120_none_9d947278b86cc467;C:\Program Files\Java\jdk-18.0.1.1\bin\server

VM Arguments:
jvm_args: -Dfile.encoding=UTF-8 --module-path=C:\Users\Gerardo\eclipse-workspace\AH3\bin;C:\Users\Gerardo\eclipse-workspace\AH3\libreria\mysql-connector-java-8.0.28.jar -XX:+ShowCodeDetailsInExceptionMessages -Djdk.module.main=AH3 
java_command: AH3/proyecto3.Menu_Principal
java_class_path (initial): <not set>
Launcher Type: SUN_STANDARD

[Global flags]
     intx CICompilerCount                          = 4                                         {product} {ergonomic}
     uint ConcGCThreads                            = 2                                         {product} {ergonomic}
     uint G1ConcRefinementThreads                  = 8                                         {product} {ergonomic}
   size_t G1HeapRegionSize                         = 1048576                                   {product} {ergonomic}
    uintx GCDrainStackTargetSize                   = 64                                        {product} {ergonomic}
   size_t InitialHeapSize                          = 117440512                                 {product} {ergonomic}
   size_t MarkStackSize                            = 4194304                                   {product} {ergonomic}
   size_t MaxHeapSize                              = 1862270976                                {product} {ergonomic}
   size_t MinHeapDeltaBytes                        = 1048576                                   {product} {ergonomic}
   size_t MinHeapSize                              = 8388608                                   {product} {ergonomic}
    uintx NonNMethodCodeHeapSize                   = 5839372                                {pd product} {ergonomic}
    uintx NonProfiledCodeHeapSize                  = 122909434                              {pd product} {ergonomic}
    uintx ProfiledCodeHeapSize                     = 122909434                              {pd product} {ergonomic}
    uintx ReservedCodeCacheSize                    = 251658240                              {pd product} {ergonomic}
     bool SegmentedCodeCache                       = true                                      {product} {ergonomic}
     bool ShowCodeDetailsInExceptionMessages       = true                                   {manageable} {command line}
   size_t SoftMaxHeapSize                          = 1862270976                             {manageable} {ergonomic}
     bool UseCompressedClassPointers               = true                           {product lp64_product} {ergonomic}
     bool UseCompressedOops                        = true                           {product lp64_product} {ergonomic}
     bool UseG1GC                                  = true                                      {product} {ergonomic}
     bool UseLargePagesIndividualAllocation        = false                                  {pd product} {ergonomic}

Logging:
Log output configuration:
 #0: stdout all=warning uptime,level,tags foldmultilines=false
 #1: stderr all=off uptime,level,tags foldmultilines=false

Environment Variables:
PATH=C:\Program Files\Common Files\Oracle\Java\javapath;C:\WINDOWS\system32;C:\WINDOWS;C:\WINDOWS\System32\Wbem;C:\WINDOWS\System32\WindowsPowerShell\v1.0\;C:\WINDOWS\System32\OpenSSH\;C:\Users\Gerardo\AppData\Local\Microsoft\WindowsApps;
USERNAME=Gerardo
OS=Windows_NT
PROCESSOR_IDENTIFIER=AMD64 Family 23 Model 24 Stepping 1, AuthenticAMD



---------------  S Y S T E M  ---------------

OS:
 Windows 11 , 64 bit Build 22000 (10.0.22000.708)
OS uptime: 5 days 2:59 hours

CPU: total 8 (initial active 8) (8 cores per cpu, 2 threads per core) family 23 model 24 stepping 1 microcode 0x0, cx8, cmov, fxsr, ht, mmx, 3dnowpref, sse, sse2, sse3, ssse3, sse4a, sse4.1, sse4.2, popcnt, lzcnt, tsc, tscinvbit, avx, avx2, aes, clmul, bmi1, bmi2, adx, sha, fma, vzeroupper, clflush, clflushopt

Memory: 4k page, system-wide physical 7103M (506M free)
TotalPageFile size 17343M (AvailPageFile size 7M)
current process WorkingSet (physical memory assigned to process): 10M, peak: 10M
current process commit charge ("private bytes"): 60M, peak: 172M

vm_info: Java HotSpot(TM) 64-Bit Server VM (18.0.1.1+2-6) for windows-amd64 JRE (18.0.1.1+2-6), built on Apr 25 2022 21:53:15 by "mach5one" with MS VC++ 16.8 / 16.9 (VS2019)

END.
